Timestamp,Logged,Hostname,ExtIP,Description,Details,EventData,SourceFile
2024-11-28 10:30:54,Logged,-,10.10.30.3,RDP OutBound 연결 시도 (1024),"Name: Server Name, Value: 10.10.30.3",Name=Server Name; Value=10.10.30.3; CustomLevel=Info,Microsoft-Windows-TerminalServices-RDPClient%4Operational.evtx
2024-11-28 10:31:07,Logged,-,-,RDP OutBound 연결 끊김 (1026),"Name: Disconnect Reason, Value: 263",Name=Disconnect Reason; Value=263; CustomLevel=Info,Microsoft-Windows-TerminalServices-RDPClient%4Operational.evtx
2024-11-28 10:32:06,Logged,-,-,RDP OutBound 연결 끊김 (1026),"Name: Disconnect Reason, Value: 1",Name=Disconnect Reason; Value=1; CustomLevel=Info,Microsoft-Windows-TerminalServices-RDPClient%4Operational.evtx
2024-12-04 06:30:28,Logged,-,10.10.30.3,RDP OutBound 연결 시도 (1024),"Name: Server Name, Value: 10.10.30.3",Name=Server Name; Value=10.10.30.3; CustomLevel=Info,Microsoft-Windows-TerminalServices-RDPClient%4Operational.evtx
2024-12-04 06:30:32,Logged,-,-,RDP OutBound 연결 끊김 (1026),"Name: Disconnect Reason, Value: 263",Name=Disconnect Reason; Value=263; CustomLevel=Info,Microsoft-Windows-TerminalServices-RDPClient%4Operational.evtx
2024-12-04 06:31:35,Logged,-,-,RDP OutBound 연결 끊김 (1026),"Name: Disconnect Reason, Value: 1",Name=Disconnect Reason; Value=1; CustomLevel=Info,Microsoft-Windows-TerminalServices-RDPClient%4Operational.evtx
2024-12-04 07:16:02,Logged,-,10.10.30.3,RDP OutBound 연결 시도 (1024),"Name: Server Name, Value: 10.10.30.3",Name=Server Name; Value=10.10.30.3; CustomLevel=Info,Microsoft-Windows-TerminalServices-RDPClient%4Operational.evtx
2024-12-04 07:16:06,Logged,-,-,RDP OutBound 연결 끊김 (1026),"Name: Disconnect Reason, Value: 263",Name=Disconnect Reason; Value=263; CustomLevel=Info,Microsoft-Windows-TerminalServices-RDPClient%4Operational.evtx
2024-12-04 10:28:45,Logged,-,-,RDP OutBound 연결 끊김 (1026),"Name: Disconnect Reason, Value: 1",Name=Disconnect Reason; Value=1; CustomLevel=Info,Microsoft-Windows-TerminalServices-RDPClient%4Operational.evtx
2024-12-12 13:28:43,Logged,-,10.10.30.3,RDP OutBound 연결 시도 (1024),"Name: Server Name, Value: 10.10.30.3",Name=Server Name; Value=10.10.30.3; CustomLevel=Info,Microsoft-Windows-TerminalServices-RDPClient%4Operational.evtx
2024-12-12 13:28:48,Logged,-,-,RDP OutBound 연결 끊김 (1026),"Name: Disconnect Reason, Value: 263",Name=Disconnect Reason; Value=263; CustomLevel=Info,Microsoft-Windows-TerminalServices-RDPClient%4Operational.evtx
2024-12-12 13:47:35,Logged,-,-,RDP OutBound 연결 끊김 (1026),"Name: Disconnect Reason, Value: 1",Name=Disconnect Reason; Value=1; CustomLevel=Info,Microsoft-Windows-TerminalServices-RDPClient%4Operational.evtx
2024-12-26 00:28:16,Logged,-,10.10.30.3,RDP OutBound 연결 시도 (1024),"Name: Server Name, Value: 10.10.30.3",Name=Server Name; Value=10.10.30.3; CustomLevel=Info,Microsoft-Windows-TerminalServices-RDPClient%4Operational.evtx
2024-12-26 00:28:24,Logged,-,-,RDP OutBound 연결 끊김 (1026),"Name: Disconnect Reason, Value: 2055",Name=Disconnect Reason; Value=2055; CustomLevel=Info,Microsoft-Windows-TerminalServices-RDPClient%4Operational.evtx
2024-12-26 00:28:27,Logged,-,-,RDP OutBound 연결 끊김 (1026),"Name: Disconnect Reason, Value: 263",Name=Disconnect Reason; Value=263; CustomLevel=Info,Microsoft-Windows-TerminalServices-RDPClient%4Operational.evtx
2024-12-26 08:27:57,Logged,-,-,RDP OutBound 연결 끊김 (1026),"Name: Disconnect Reason, Value: 2308",Name=Disconnect Reason; Value=2308; CustomLevel=Info,Microsoft-Windows-TerminalServices-RDPClient%4Operational.evtx
2024-12-26 08:28:23,Logged,-,-,RDP OutBound 연결 끊김 (1026),"Name: Disconnect Reason, Value: 516",Name=Disconnect Reason; Value=516; CustomLevel=Info,Microsoft-Windows-TerminalServices-RDPClient%4Operational.evtx
2024-12-26 08:28:43,Logged,-,-,RDP OutBound 연결 끊김 (1026),"Name: Disconnect Reason, Value: 516",Name=Disconnect Reason; Value=516; CustomLevel=Info,Microsoft-Windows-TerminalServices-RDPClient%4Operational.evtx
2024-12-26 08:29:07,Logged,-,-,RDP OutBound 연결 끊김 (1026),"Name: Disconnect Reason, Value: 516",Name=Disconnect Reason; Value=516; CustomLevel=Info,Microsoft-Windows-TerminalServices-RDPClient%4Operational.evtx
2024-12-26 08:29:40,Logged,-,-,RDP OutBound 연결 끊김 (1026),"Name: Disconnect Reason, Value: 516",Name=Disconnect Reason; Value=516; CustomLevel=Info,Microsoft-Windows-TerminalServices-RDPClient%4Operational.evtx
2024-12-26 08:30:28,Logged,-,-,RDP OutBound 연결 끊김 (1026),"Name: Disconnect Reason, Value: 516",Name=Disconnect Reason; Value=516; CustomLevel=Info,Microsoft-Windows-TerminalServices-RDPClient%4Operational.evtx
2024-12-26 08:31:01,Logged,-,-,RDP OutBound 연결 시도 (1024),"Name: Server Name, Value: 0",Name=Server Name; Value=0; CustomLevel=Info,Microsoft-Windows-TerminalServices-RDPClient%4Operational.evtx
2024-12-26 08:31:04,Logged,-,-,RDP OutBound 연결 끊김 (1026),"Name: Disconnect Reason, Value: 260",Name=Disconnect Reason; Value=260; CustomLevel=Info,Microsoft-Windows-TerminalServices-RDPClient%4Operational.evtx
2024-12-26 08:32:18,Logged,-,10.10.30.3,RDP OutBound 연결 시도 (1024),"Name: Server Name, Value: 10.10.30.3",Name=Server Name; Value=10.10.30.3; CustomLevel=Info,Microsoft-Windows-TerminalServices-RDPClient%4Operational.evtx
2024-12-26 10:37:57,Logged,-,-,RDP OutBound 연결 끊김 (1026),"Name: Disconnect Reason, Value: 1",Name=Disconnect Reason; Value=1; CustomLevel=Info,Microsoft-Windows-TerminalServices-RDPClient%4Operational.evtx
2024-12-26 13:28:24,Logged,-,10.10.30.3,RDP OutBound 연결 시도 (1024),"Name: Server Name, Value: 10.10.30.3",Name=Server Name; Value=10.10.30.3; CustomLevel=Info,Microsoft-Windows-TerminalServices-RDPClient%4Operational.evtx
2024-12-26 13:28:54,Logged,-,-,RDP OutBound 연결 끊김 (1026),"Name: Disconnect Reason, Value: 263",Name=Disconnect Reason; Value=263; CustomLevel=Info,Microsoft-Windows-TerminalServices-RDPClient%4Operational.evtx
2024-12-26 13:37:16,Logged,-,-,RDP OutBound 연결 끊김 (1026),"Name: Disconnect Reason, Value: 1",Name=Disconnect Reason; Value=1; CustomLevel=Info,Microsoft-Windows-TerminalServices-RDPClient%4Operational.evtx
2025-01-15 14:38:04,Logged,-,10.10.30.3,RDP OutBound 연결 시도 (1024),"Name: Server Name, Value: 10.10.30.3",Name=Server Name; Value=10.10.30.3; CustomLevel=Info,Microsoft-Windows-TerminalServices-RDPClient%4Operational.evtx
2025-01-15 14:38:12,Logged,-,-,RDP OutBound 연결 끊김 (1026),"Name: Disconnect Reason, Value: 2055",Name=Disconnect Reason; Value=2055; CustomLevel=Info,Microsoft-Windows-TerminalServices-RDPClient%4Operational.evtx
2025-01-15 14:38:13,Logged,-,-,RDP OutBound 연결 끊김 (1026),"Name: Disconnect Reason, Value: 263",Name=Disconnect Reason; Value=263; CustomLevel=Info,Microsoft-Windows-TerminalServices-RDPClient%4Operational.evtx
2025-01-15 22:37:51,Logged,-,-,RDP OutBound 연결 끊김 (1026),"Name: Disconnect Reason, Value: 2308",Name=Disconnect Reason; Value=2308; CustomLevel=Info,Microsoft-Windows-TerminalServices-RDPClient%4Operational.evtx
2025-01-15 22:38:17,Logged,-,-,RDP OutBound 연결 끊김 (1026),"Name: Disconnect Reason, Value: 516",Name=Disconnect Reason; Value=516; CustomLevel=Info,Microsoft-Windows-TerminalServices-RDPClient%4Operational.evtx
2025-01-15 22:38:37,Logged,-,-,RDP OutBound 연결 끊김 (1026),"Name: Disconnect Reason, Value: 516",Name=Disconnect Reason; Value=516; CustomLevel=Info,Microsoft-Windows-TerminalServices-RDPClient%4Operational.evtx
2025-01-15 22:39:02,Logged,-,-,RDP OutBound 연결 끊김 (1026),"Name: Disconnect Reason, Value: 516",Name=Disconnect Reason; Value=516; CustomLevel=Info,Microsoft-Windows-TerminalServices-RDPClient%4Operational.evtx
2025-01-15 22:39:37,Logged,-,-,RDP OutBound 연결 끊김 (1026),"Name: Disconnect Reason, Value: 516",Name=Disconnect Reason; Value=516; CustomLevel=Info,Microsoft-Windows-TerminalServices-RDPClient%4Operational.evtx
2025-01-15 22:40:28,Logged,-,-,RDP OutBound 연결 끊김 (1026),"Name: Disconnect Reason, Value: 516",Name=Disconnect Reason; Value=516; CustomLevel=Info,Microsoft-Windows-TerminalServices-RDPClient%4Operational.evtx
2025-02-04 16:33:44,Logged,-,-,RDP OutBound 연결 시도 (1024),"Name: Server Name, Value: -",Name=Server Name; Value=-; CustomLevel=Info,Microsoft-Windows-TerminalServices-RDPClient%4Operational.evtx
2025-02-07 05:09:29,Logged,-,10.10.30.3,RDP OutBound 연결 시도 (1024),"Name: Server Name, Value: 10.10.30.3",Name=Server Name; Value=10.10.30.3; CustomLevel=Info,Microsoft-Windows-TerminalServices-RDPClient%4Operational.evtx
2025-02-07 05:10:07,Logged,-,-,RDP OutBound 연결 끊김 (1026),"Name: Disconnect Reason, Value: 2055",Name=Disconnect Reason; Value=2055; CustomLevel=Info,Microsoft-Windows-TerminalServices-RDPClient%4Operational.evtx
2025-02-07 05:10:15,Logged,-,-,RDP OutBound 연결 끊김 (1026),"Name: Disconnect Reason, Value: 263",Name=Disconnect Reason; Value=263; CustomLevel=Info,Microsoft-Windows-TerminalServices-RDPClient%4Operational.evtx
2025-02-07 06:13:45,Logged,-,-,RDP OutBound 연결 끊김 (1026),"Name: Disconnect Reason, Value: 1",Name=Disconnect Reason; Value=1; CustomLevel=Info,Microsoft-Windows-TerminalServices-RDPClient%4Operational.evtx
2025-03-09 15:20:01,Logged,-,10.10.30.3,RDP OutBound 연결 시도 (1024),"Name: Server Name, Value: 10.10.30.3",Name=Server Name; Value=10.10.30.3; CustomLevel=Info,Microsoft-Windows-TerminalServices-RDPClient%4Operational.evtx
2025-03-09 15:20:08,Logged,-,-,RDP OutBound 연결 끊김 (1026),"Name: Disconnect Reason, Value: 263",Name=Disconnect Reason; Value=263; CustomLevel=Info,Microsoft-Windows-TerminalServices-RDPClient%4Operational.evtx
2025-03-09 16:11:53,Logged,-,-,RDP OutBound 연결 끊김 (1026),"Name: Disconnect Reason, Value: 1",Name=Disconnect Reason; Value=1; CustomLevel=Info,Microsoft-Windows-TerminalServices-RDPClient%4Operational.evtx
2025-04-08 15:58:55,Logged,-,10.10.30.3,RDP OutBound 연결 시도 (1024),"Name: Server Name, Value: 10.10.30.3",Name=Server Name; Value=10.10.30.3; CustomLevel=Info,Microsoft-Windows-TerminalServices-RDPClient%4Operational.evtx
2025-04-08 15:59:10,Logged,-,-,RDP OutBound 연결 끊김 (1026),"Name: Disconnect Reason, Value: 2055",Name=Disconnect Reason; Value=2055; CustomLevel=Info,Microsoft-Windows-TerminalServices-RDPClient%4Operational.evtx
2025-04-08 15:59:11,Logged,-,-,RDP OutBound 연결 끊김 (1026),"Name: Disconnect Reason, Value: 263",Name=Disconnect Reason; Value=263; CustomLevel=Info,Microsoft-Windows-TerminalServices-RDPClient%4Operational.evtx
2025-04-08 17:49:24,Logged,-,-,RDP OutBound 연결 끊김 (1026),"Name: Disconnect Reason, Value: 1",Name=Disconnect Reason; Value=1; CustomLevel=Info,Microsoft-Windows-TerminalServices-RDPClient%4Operational.evtx
2025-04-09 00:32:47,Logged,-,10.10.30.3,RDP OutBound 연결 시도 (1024),"Name: Server Name, Value: 10.10.30.3",Name=Server Name; Value=10.10.30.3; CustomLevel=Info,Microsoft-Windows-TerminalServices-RDPClient%4Operational.evtx
2025-04-09 00:32:53,Logged,-,-,RDP OutBound 연결 끊김 (1026),"Name: Disconnect Reason, Value: 263",Name=Disconnect Reason; Value=263; CustomLevel=Info,Microsoft-Windows-TerminalServices-RDPClient%4Operational.evtx
2025-04-09 04:16:25,Logged,-,-,RDP OutBound 연결 끊김 (1026),"Name: Disconnect Reason, Value: 3",Name=Disconnect Reason; Value=3; CustomLevel=Info,Microsoft-Windows-TerminalServices-RDPClient%4Operational.evtx
2025-04-12 05:52:37,Logged,-,-,RDP OutBound 연결 시도 (1024),"Name: Server Name, Value: -",Name=Server Name; Value=-; CustomLevel=Info,Microsoft-Windows-TerminalServices-RDPClient%4Operational.evtx
